生成启动时间为 2017/4/9 16:21:03。
     1>项目“F:\Git\QT\0409\2\2.vcxproj”在节点 2 上(build 个目标)。
     1>C:\Program Files (x86)\MSBuild\Microsoft.Cpp\v4.0\Microsoft.CppBuild.targets(298,5): warning MSB8004: Intermediate 目录未以斜杠结尾。此生成实例将添加斜杠，因为必须有这个斜杠才能正确计算 Intermediate 目录。
     1>InitializeBuildStatus:
         正在创建“Win32\Debug\2.unsuccessfulbuild”，因为已指定“AlwaysCreate”。
       ClCompile:
         f:\VS2010\VC\bin\CL.exe /c /IE:\QT\Qt5.2.0\5.2.0\msvc2010_opengl\include /IE:\QT\Qt5.2.0\5.2.0\msvc2010_opengl\include\QtWidgets /IE:\QT\Qt5.2.0\5.2.0\msvc2010_opengl\include\QtGui /IE:\QT\Qt5.2.0\5.2.0\msvc2010_opengl\include\QtCore /Idebug /I"E:\QT\Qt5.2.0\5.2.0\msvc2010_opengl\mkspecs\win32-msvc2010" /Zi /nologo /W3 /WX- /Od /Oy- /D _WINDOWS /D UNICODE /D WIN32 /D QT_WIDGETS_LIB /D QT_GUI_LIB /D QT_CORE_LIB /D _UNICODE /D UNICODE /Gm- /EHsc /MDd /GS /fp:precise /Zc:wchar_t /Zc:forScope /GR /Fo"Win32\Debug\\" /Fd"Win32\Debug\vc100.pdb" /Gd /TP /analyze- /errorReport:prompt main.cpp -Zm200 -w34100 -w34189 
         main.cpp
     1>main.cpp(9): warning C4068: 未知的杂注
       Link:
         f:\VS2010\VC\bin\link.exe /ERRORREPORT:PROMPT /OUT:"debug\\2.exe" /NOLOGO /LIBPATH:E:\QT\Qt5.2.0\5.2.0\msvc2010_opengl\lib /LIBPATH:E:\QT\Qt5.2.0\5.2.0\msvc2010_opengl\lib glu32.lib opengl32.lib gdi32.lib user32.lib qtmaind.lib E:\QT\Qt5.2.0\5.2.0\msvc2010_opengl\lib\Qt5Widgetsd.lib E:\QT\Qt5.2.0\5.2.0\msvc2010_opengl\lib\Qt5Guid.lib E:\QT\Qt5.2.0\5.2.0\msvc2010_opengl\lib\Qt5Cored.lib kernel32.lib user32.lib gdi32.lib winspool.lib comdlg32.lib advapi32.lib shell32.lib ole32.lib oleaut32.lib uuid.lib odbc32.lib odbccp32.lib /MANIFEST /ManifestFile:"Win32\Debug\2.exe.intermediate.manifest" /MANIFESTUAC:"level='asInvoker' uiAccess='false'" /DEBUG /PDB:"F:\Git\QT\0409\2\debug\2.pdb" /SUBSYSTEM:WINDOWS /TLBID:1 /DYNAMICBASE /NXCOMPAT /MACHINE:X86 Win32\Debug\main.obj "/MANIFESTDEPENDENCY:type='win32' name='Microsoft.Windows.Common-Controls' version='6.0.0.0' publicKeyToken='6595b64144ccf1df' language='*' processorArchitecture='*'" 
         LINK : 没有找到 debug\\2.exe 或上一个增量链接没有生成它；正在执行完全链接
         2.vcxproj -> F:\Git\QT\0409\2\debug\2.exe
       Manifest:
         C:\Program Files (x86)\Microsoft SDKs\Windows\v7.0A\bin\mt.exe /nologo /verbose /outputresource:"debug\\2.exe;#1" /manifest Win32\Debug\2.exe.intermediate.manifest
       FinalizeBuildStatus:
         正在删除文件“Win32\Debug\2.unsuccessfulbuild”。
         正在对“Win32\Debug\2.lastbuildstate”执行 Touch 任务。
     1>已完成生成项目“F:\Git\QT\0409\2\2.vcxproj”(build 个目标)的操作。

生成成功。

已用时间 00:00:01.69
